MacBook-Pro-diya:tesseract Dylan$ tesseract case_1.png result -l chi_sim
Error opening data file /usr/local/Cellar/tesseract/3.05.01/share/tessdata/chi_sim.traineddata
Please make sure the TESSDATA_PREFIX environment variable is set to the parent directory of your "tessdata" directory.
Failed loading language 'chi_sim'
Tesseract couldn't load any languages!
Could not initialize tesseract.
MacBook-Pro-diya:tesseract Dylan$ tesseract case_1.png result -l chi_sim
Tesseract Open Source OCR Engine v3.05.01 with Leptonica
MacBook-Pro-diya:tesseract Dylan$ tesseract case_2 result_2 -l chi_sim
Tesseract Open Source OCR Engine v3.05.01 with Leptonica
Error in fopenReadStream: file not found
Error in findFileFormat: image file not found
Error during processing.
MacBook-Pro-diya:tesseract Dylan$ tesseract case_2.jpg result_2 -l chi_sim
Tesseract Open Source OCR Engine v3.05.01 with Leptonica
MacBook-Pro-diya:tesseract Dylan$ tesseract case_1.normal.exp0.tif case_1 -l chi_sim batch.nochop makebox
Tesseract Open Source OCR Engine v3.05.01 with Leptonica
Page 1
MacBook-Pro-diya:tesseract Dylan$ tesseract case_1.png case_1 nobatch box.train
Tesseract Open Source OCR Engine v3.05.01 with Leptonica
Error during processing.
MacBook-Pro-diya:tesseract Dylan$ tesseract case_1.png case_1 nobatch box.train
Tesseract Open Source OCR Engine v3.05.01 with Leptonica
Error during processing.
MacBook-Pro-diya:tesseract Dylan$ tesseract case_1.normal.exp0.png case_1.normal.exp0 nobatch box.train
Tesseract Open Source OCR Engine v3.05.01 with Leptonica
row xheight=10, but median xheight = 12.1429
row xheight=10, but median xheight = 12.1429
row xheight=0.5, but median xheight = 12.1429
row xheight=1, but median xheight = 12.1429
row xheight=18, but median xheight = 12.1429
row xheight=10, but median xheight = 12.1429
row xheight=165.333, but median xheight = 12.1429
FAIL!
APPLY_BOXES: boxfile line 123/田 ((351,411),(362,422)): FAILURE! Couldn't find a matching blob
FAIL!
APPLY_BOXES: boxfile line 129/匾 ((450,407),(464,421)): FAILURE! Couldn't find a matching blob
FAIL!
APPLY_BOXES: boxfile line 145/曰 ((8,361),(17,370)): FAILURE! Couldn't find a matching blob
FAIL!
APPLY_BOXES: boxfile line 171/因 ((408,340),(418,351)): FAILURE! Couldn't find a matching blob
APPLY_BOXES: boxfile line 186/萎 ((287,314),(305,334)): FAILURE! Couldn't find a matching blob
APPLY_BOXES: boxfile line 187/… ((306,324),(310,333)): FAILURE! Couldn't find a matching blob
FAIL!
APPLY_BOXES: boxfile line 190/障 ((392,311),(970,328)): FAILURE! Couldn't find a matching blob
FAIL!
APPLY_BOXES: boxfile line 191/围 ((246,307),(262,320)): FAILURE! Couldn't find a matching blob
FAIL!
APPLY_BOXES: boxfile line 206/围 ((246,290),(262,303)): FAILURE! Couldn't find a matching blob
FAIL!
APPLY_BOXES: boxfile line 214/′ ((425,301),(430,305)): FAILURE! Couldn't find a matching blob
FAIL!
APPLY_BOXES: boxfile line 264/画 ((552,222),(625,243)): FAILURE! Couldn't find a matching blob
FAIL!
APPLY_BOXES: boxfile line 282/国 ((552,195),(625,216)): FAILURE! Couldn't find a matching blob
FAIL!
APPLY_BOXES: boxfile line 300/口 ((556,173),(569,186)): FAILURE! Couldn't find a matching blob
FAIL!
APPLY_BOXES: boxfile line 301/无 ((572,173),(583,184)): FAILURE! Couldn't find a matching blob
FAIL!
APPLY_BOXES: boxfile line 315/囤 ((556,153),(569,166)): FAILURE! Couldn't find a matching blob
FAIL!
APPLY_BOXES: boxfile line 316/畏 ((572,153),(583,164)): FAILURE! Couldn't find a matching blob
FAIL!
APPLY_BOXES: boxfile line 317/塞 ((584,153),(595,164)): FAILURE! Couldn't find a matching blob
FAIL!
APPLY_BOXES: boxfile line 322/囤 ((556,133),(569,146)): FAILURE! Couldn't find a matching blob
FAIL!
APPLY_BOXES: boxfile line 323/寒 ((572,133),(583,144)): FAILURE! Couldn't find a matching blob
FAIL!
APPLY_BOXES: boxfile line 324/战 ((584,133),(595,144)): FAILURE! Couldn't find a matching blob
FAIL!
APPLY_BOXES: boxfile line 325/麒 ((36,115),(52,130)): FAILURE! Couldn't find a matching blob
FAIL!
APPLY_BOXES: boxfile line 332/口 ((556,113),(569,126)): FAILURE! Couldn't find a matching blob
FAIL!
APPLY_BOXES: boxfile line 333/不 ((572,113),(583,124)): FAILURE! Couldn't find a matching blob
FAIL!
APPLY_BOXES: boxfile line 334/详 ((584,113),(595,124)): FAILURE! Couldn't find a matching blob
FAIL!
APPLY_BOXES: boxfile line 342/〖 ((552,84),(852,105)): FAILURE! Couldn't find a matching blob
FAIL!
APPLY_BOXES: boxfile line 349/@ ((556,62),(569,75)): FAILURE! Couldn't find a matching blob
FAIL!
APPLY_BOXES: boxfile line 350/无 ((572,62),(583,73)): FAILURE! Couldn't find a matching blob
FAIL!
APPLY_BOXES: boxfile line 351/〇 ((556,42),(569,55)): FAILURE! Couldn't find a matching blob
FAIL!
APPLY_BOXES: boxfile line 352/有 ((572,42),(583,53)): FAILURE! Couldn't find a matching blob
FAIL!
APPLY_BOXES: boxfile line 356/一 ((200,0),(212,2)): FAILURE! Couldn't find a matching blob
FAIL!
APPLY_BOXES: boxfile line 357/咳 ((395,2),(406,13)): FAILURE! Couldn't find a matching blob
FAIL!
APPLY_BOXES: boxfile line 358/嗽 ((407,2),(418,13)): FAILURE! Couldn't find a matching blob
FAIL!
APPLY_BOXES: boxfile line 359/′ ((425,8),(430,12)): FAILURE! Couldn't find a matching blob
FAIL!
APPLY_BOXES: boxfile line 360/筒 ((556,1),(569,11)): FAILURE! Couldn't find a matching blob
FAIL!
APPLY_BOXES: boxfile line 361/子 ((572,1),(583,9)): FAILURE! Couldn't find a matching blob
FAIL!
APPLY_BOXES: boxfile line 363/~ ((973,0),(997,18)): FAILURE! Couldn't find a matching blob
APPLY_BOXES:
   Boxes read from boxfile:     363
   Boxes failed resegmentation:      36
APPLY_BOXES: Unlabelled word at :Bounding box=(257,508)->(269,519)
APPLY_BOXES: Unlabelled word at :Bounding box=(279,507)->(330,521)
APPLY_BOXES: Unlabelled word at :Bounding box=(213,493)->(998,506)
APPLY_BOXES: Unlabelled word at :Bounding box=(224,468)->(997,469)
APPLY_BOXES: Unlabelled word at :Bounding box=(384,427)->(996,429)
APPLY_BOXES: Unlabelled word at :Bounding box=(0,357)->(21,374)
APPLY_BOXES: Unlabelled word at :Bounding box=(409,343)->(412,361)
APPLY_BOXES: Unlabelled word at :Bounding box=(246,290)->(262,303)
APPLY_BOXES: Unlabelled word at :Bounding box=(22,489)->(36,503)
APPLY_BOXES: Unlabelled word at :Bounding box=(8,471)->(17,480)
APPLY_BOXES: Unlabelled word at :Bounding box=(20,466)->(37,482)
APPLY_BOXES: Unlabelled word at :Bounding box=(556,363)->(618,374)
APPLY_BOXES: Unlabelled word at :Bounding box=(623,363)->(631,374)
APPLY_BOXES: Unlabelled word at :Bounding box=(636,364)->(639,368)
APPLY_BOXES: Unlabelled word at :Bounding box=(645,363)->(718,374)
APPLY_BOXES: Unlabelled word at :Bounding box=(975,332)->(993,334)
APPLY_BOXES: Unlabelled word at :Bounding box=(548,38)->(856,247)
APPLY_BOXES: Unlabelled word at :Bounding box=(973,0)->(997,18)
   Found 327 good blobs.
   Leaving 9 unlabelled blobs in 0 words.
   18 remaining unlabelled words deleted.
Generated training data for 110 words
MacBook-Pro-diya:tesseract Dylan$ unicharset_extractor case_1.normal.exp0.box
Extracting unicharset from case_1.normal.exp0.box
Wrote unicharset file ./unicharset.
MacBook-Pro-diya:tesseract Dylan$ shapeclustering -F font_properties -U unicharset case_1.normal.exp0.tr
Reading case_1.normal.exp0.tr ...
Bad properties for index 3, char 郭: 0,255 0,255 0,0 0,0 0,0
Bad properties for index 4, char 蕊: 0,255 0,255 0,0 0,0 0,0
Bad properties for index 5, char 添: 0,255 0,255 0,0 0,0 0,0
Bad properties for index 6, char 加: 0,255 0,255 0,0 0,0 0,0
Bad properties for index 7, char 患: 0,255 0,255 0,0 0,0 0,0
Bad properties for index 8, char 者: 0,255 0,255 0,0 0,0 0,0
Bad properties for index 9, char 列: 0,255 0,255 0,0 0,0 0,0
Bad properties for index 10, char 表: 0,255 0,255 0,0 0,0 0,0
Bad properties for index 11, char \: 0,255 0,255 0,0 0,0 0,0
Bad properties for index 12, char 女: 0,255 0,255 0,0 0,0 0,0
Bad properties for index 13, char 呼: 0,255 0,255 0,0 0,0 0,0
Bad properties for index 14, char 吸: 0,255 0,255 0,0 0,0 0,0
Bad properties for index 15, char 科: 0,255 0,255 0,0 0,0 0,0
Bad properties for index 16, char 住: 0,255 0,255 0,0 0,0 0,0
Bad properties for index 17, char 院: 0,255 0,255 0,0 0,0 0,0
Bad properties for index 18, char 病: 0,255 0,255 0,0 0,0 0,0
Bad properties for index 19, char 历: 0,255 0,255 0,0 0,0 0,0
Bad properties for index 20, char 未: 0,255 0,255 0,0 0,0 0,0
Bad properties for index 21, char 归: 0,255 0,255 0,0 0,0 0,0
Bad properties for index 22, char 档: 0,255 0,255 0,0 0,0 0,0
Bad properties for index 23, char 单: 0,255 0,255 0,0 0,0 0,0
Bad properties for index 24, char 位: 0,255 0,255 0,0 0,0 0,0
Bad properties for index 25, char :: 0,255 0,255 0,0 0,0 0,0
Bad properties for index 26, char 人: 0,255 0,255 0,0 0,0 0,0
Bad properties for index 27, char 民: 0,255 0,255 0,0 0,0 0,0
Bad properties for index 28, char 医: 0,255 0,255 0,0 0,0 0,0
Bad properties for index 29, char 生: 0,255 0,255 0,0 0,0 0,0
Bad properties for index 30, char 邓: 0,255 0,255 0,0 0,0 0,0
Bad properties for index 31, char 磅: 0,255 0,255 0,0 0,0 0,0
Bad properties for index 32, char .: 0,255 0,255 0,0 0,0 0,0
Bad properties for index 33, char 我: 0,255 0,255 0,0 0,0 0,0
Bad properties for index 34, char 的: 0,255 0,255 0,0 0,0 0,0
Bad properties for index 35, char 匿: 0,255 0,255 0,0 0,0 0,0
Bad properties for index 36, char 本: 0,255 0,255 0,0 0,0 0,0
Bad properties for index 37, char 信: 0,255 0,255 0,0 0,0 0,0
Bad properties for index 38, char 息: 0,255 0,255 0,0 0,0 0,0
Bad properties for index 39, char 】: 0,255 0,255 0,0 0,0 0,0
Bad properties for index 40, char 叭: 0,255 0,255 0,0 0,0 0,0
Bad properties for index 41, char 记: 0,255 0,255 0,0 0,0 0,0
Bad properties for index 42, char 录: 0,255 0,255 0,0 0,0 0,0
Bad properties for index 43, char 眉: 0,255 0,255 0,0 0,0 0,0
Bad properties for index 44, char 程: 0,255 0,255 0,0 0,0 0,0
Bad properties for index 45, char 腈: 0,255 0,255 0,0 0,0 0,0
Bad properties for index 46, char 脸: 0,255 0,255 0,0 0,0 0,0
Bad properties for index 47, char 查: 0,255 0,255 0,0 0,0 0,0
Bad properties for index 48, char 结: 0,255 0,255 0,0 0,0 0,0
Bad properties for index 49, char 果: 0,255 0,255 0,0 0,0 0,0
Bad properties for index 50, char 【: 0,255 0,255 0,0 0,0 0,0
Bad properties for index 51, char 荨: 0,255 0,255 0,0 0,0 0,0
Bad properties for index 52, char 台: 0,255 0,255 0,0 0,0 0,0
Bad properties for index 53, char 疗: 0,255 0,255 0,0 0,0 0,0
Bad properties for index 54, char 出: 0,255 0,255 0,0 0,0 0,0
Bad properties for index 55, char 惟: 0,255 0,255 0,0 0,0 0,0
Bad properties for index 56, char 侧: 0,255 0,255 0,0 0,0 0,0
Bad properties for index 57, char 0: 0,255 0,255 0,0 0,0 0,0
Bad properties for index 58, char R: 0,255 0,255 0,0 0,0 0,0
Bad properties for index 59, char D: 0,255 0,255 0,0 0,0 0,0
Bad properties for index 60, char 文: 0,255 0,255 0,0 0,0 0,0
Bad properties for index 61, char {: 0,255 0,255 0,0 0,0 0,0
Bad properties for index 62, char 宇: 0,255 0,255 0,0 0,0 0,0
Bad properties for index 63, char 侈: 0,255 0,255 0,0 0,0 0,0
Bad properties for index 64, char 媒: 0,255 0,255 0,0 0,0 0,0
Bad properties for index 65, char 体: 0,255 0,255 0,0 0,0 0,0
Bad properties for index 66, char 营: 0,255 0,255 0,0 0,0 0,0
Bad properties for index 67, char 理: 0,255 0,255 0,0 0,0 0,0
Bad properties for index 68, char 修: 0,255 0,255 0,0 0,0 0,0
Bad properties for index 69, char 改: 0,255 0,255 0,0 0,0 0,0
Bad properties for index 70, char 痕: 0,255 0,255 0,0 0,0 0,0
Bad properties for index 71, char 逊: 0,255 0,255 0,0 0,0 0,0
Bad properties for index 72, char -: 0,255 0,255 0,0 0,0 0,0
Bad properties for index 73, char 量: 0,255 0,255 0,0 0,0 0,0
Bad properties for index 74, char 耆: 0,255 0,255 0,0 0,0 0,0
Bad properties for index 75, char 己: 0,255 0,255 0,0 0,0 0,0
Bad properties for index 76, char 裆: 0,255 0,255 0,0 0,0 0,0
Bad properties for index 77, char 看: 0,255 0,255 0,0 0,0 0,0
Bad properties for index 78, char 田: 0,255 0,255 0,0 0,0 0,0
Bad properties for index 79, char 曰: 0,255 0,255 0,0 0,0 0,0
Bad properties for index 80, char 皓: 0,255 0,255 0,0 0,0 0,0
Bad properties for index 81, char 床: 0,255 0,255 0,0 0,0 0,0
Bad properties for index 82, char 轰: 0,255 0,255 0,0 0,0 0,0
Bad properties for index 83, char 履: 0,255 0,255 0,0 0,0 0,0
Bad properties for index 84, char 匾: 0,255 0,255 0,0 0,0 0,0
Bad properties for index 85, char 卒: 0,255 0,255 0,0 0,0 0,0
Bad properties for index 86, char 樟: 0,255 0,255 0,0 0,0 0,0
Bad properties for index 87, char 冥: 0,255 0,255 0,0 0,0 0,0
Bad properties for index 88, char 板: 0,255 0,255 0,0 0,0 0,0
Bad properties for index 89, char 画: 0,255 0,255 0,0 0,0 0,0
Bad properties for index 90, char 基: 0,255 0,255 0,0 0,0 0,0
Bad properties for index 91, char X: 0,255 0,255 0,0 0,0 0,0
Bad properties for index 92, char 属: 0,255 0,255 0,0 0,0 0,0
Bad properties for index 93, char 资: 0,255 0,255 0,0 0,0 0,0
Bad properties for index 94, char 兼: 0,255 0,255 0,0 0,0 0,0
Bad properties for index 95, char 斗: 0,255 0,255 0,0 0,0 0,0
Bad properties for index 96, char 呈: 0,255 0,255 0,0 0,0 0,0
Bad properties for index 97, char 甸: 0,255 0,255 0,0 0,0 0,0
Bad properties for index 98, char 圃: 0,255 0,255 0,0 0,0 0,0
Bad properties for index 99, char 主: 0,255 0,255 0,0 0,0 0,0
Bad properties for index 100, char 诉: 0,255 0,255 0,0 0,0 0,0
Bad properties for index 101, char x: 0,255 0,255 0,0 0,0 0,0
Bad properties for index 102, char *: 0,255 0,255 0,0 0,0 0,0
Bad properties for index 103, char 茎: 0,255 0,255 0,0 0,0 0,0
Bad properties for index 104, char 祠: 0,255 0,255 0,0 0,0 0,0
Bad properties for index 105, char 全: 0,255 0,255 0,0 0,0 0,0
Bad properties for index 106, char 艾: 0,255 0,255 0,0 0,0 0,0
Bad properties for index 107, char 俭: 0,255 0,255 0,0 0,0 0,0
Bad properties for index 108, char 素: 0,255 0,255 0,0 0,0 0,0
Bad properties for index 109, char 雇: 0,255 0,255 0,0 0,0 0,0
Bad properties for index 110, char 翼: 0,255 0,255 0,0 0,0 0,0
Bad properties for index 111, char 诱: 0,255 0,255 0,0 0,0 0,0
Bad properties for index 112, char 因: 0,255 0,255 0,0 0,0 0,0
Bad properties for index 113, char ′: 0,255 0,255 0,0 0,0 0,0
Bad properties for index 114, char 一: 0,255 0,255 0,0 0,0 0,0
Bad properties for index 115, char 口: 0,255 0,255 0,0 0,0 0,0
Bad properties for index 116, char 业: 0,255 0,255 0,0 0,0 0,0
Bad properties for index 117, char 务: 0,255 0,255 0,0 0,0 0,0
Bad properties for index 118, char 功: 0,255 0,255 0,0 0,0 0,0
Bad properties for index 119, char 菖: 0,255 0,255 0,0 0,0 0,0
Bad properties for index 120, char ": 0,255 0,255 0,0 0,0 0,0
Bad properties for index 121, char 蟹: 0,255 0,255 0,0 0,0 0,0
Bad properties for index 122, char 萎: 0,255 0,255 0,0 0,0 0,0
Bad properties for index 123, char …: 0,255 0,255 0,0 0,0 0,0
Bad properties for index 124, char 见: 0,255 0,255 0,0 0,0 0,0
Bad properties for index 125, char 障: 0,255 0,255 0,0 0,0 0,0
Bad properties for index 126, char 围: 0,255 0,255 0,0 0,0 0,0
Bad properties for index 127, char 入: 0,255 0,255 0,0 0,0 0,0
Bad properties for index 128, char l: 0,255 0,255 0,0 0,0 0,0
Bad properties for index 129, char u: 0,255 0,255 0,0 0,0 0,0
Bad properties for index 130, char 其: 0,255 0,255 0,0 0,0 0,0
Bad properties for index 131, char 他: 0,255 0,255 0,0 0,0 0,0
Bad properties for index 132, char 检: 0,255 0,255 0,0 0,0 0,0
Bad properties for index 133, char `: 0,255 0,255 0,0 0,0 0,0
Bad properties for index 134, char 醌: 0,255 0,255 0,0 0,0 0,0
Bad properties for index 135, char 油: 0,255 0,255 0,0 0,0 0,0
Bad properties for index 136, char 样: 0,255 0,255 0,0 0,0 0,0
Bad properties for index 137, char 前: 0,255 0,255 0,0 0,0 0,0
Bad properties for index 138, char 友: 0,255 0,255 0,0 0,0 0,0
Bad properties for index 139, char 〇: 0,255 0,255 0,0 0,0 0,0
Bad properties for index 140, char 无: 0,255 0,255 0,0 0,0 0,0
Bad properties for index 141, char 质: 0,255 0,255 0,0 0,0 0,0
Bad properties for index 142, char 疑: 0,255 0,255 0,0 0,0 0,0
Bad properties for index 143, char 公: 0,255 0,255 0,0 0,0 0,0
Bad properties for index 144, char 告: 0,255 0,255 0,0 0,0 0,0
Bad properties for index 145, char 既: 0,255 0,255 0,0 0,0 0,0
Bad properties for index 146, char 往: 0,255 0,255 0,0 0,0 0,0
Bad properties for index 147, char 史: 0,255 0,255 0,0 0,0 0,0
Bad properties for index 148, char @: 0,255 0,255 0,0 0,0 0,0
Bad properties for index 149, char 有: 0,255 0,255 0,0 0,0 0,0
Bad properties for index 150, char 团: 0,255 0,255 0,0 0,0 0,0
Bad properties for index 151, char 工: 0,255 0,255 0,0 0,0 0,0
Bad properties for index 152, char 作: 0,255 0,255 0,0 0,0 0,0
Bad properties for index 153, char 擎: 0,255 0,255 0,0 0,0 0,0
Bad properties for index 154, char 凹: 0,255 0,255 0,0 0,0 0,0
Bad properties for index 155, char 个: 0,255 0,255 0,0 0,0 0,0
Bad properties for index 156, char 〈: 0,255 0,255 0,0 0,0 0,0
Bad properties for index 157, char 不: 0,255 0,255 0,0 0,0 0,0
Bad properties for index 158, char 详: 0,255 0,255 0,0 0,0 0,0
Bad properties for index 159, char 狠: 0,255 0,255 0,0 0,0 0,0
Bad properties for index 160, char 月: 0,255 0,255 0,0 0,0 0,0
Bad properties for index 161, char 绶: 0,255 0,255 0,0 0,0 0,0
Bad properties for index 162, char 盲: 0,255 0,255 0,0 0,0 0,0
Bad properties for index 163, char 昌: 0,255 0,255 0,0 0,0 0,0
Bad properties for index 164, char 发: 0,255 0,255 0,0 0,0 0,0
Bad properties for index 165, char 『: 0,255 0,255 0,0 0,0 0,0
Bad properties for index 166, char ^: 0,255 0,255 0,0 0,0 0,0
Bad properties for index 167, char 最: 0,255 0,255 0,0 0,0 0,0
Bad properties for index 168, char 高: 0,255 0,255 0,0 0,0 0,0
Bad properties for index 169, char (: 0,255 0,255 0,0 0,0 0,0
Bad properties for index 170, char 度: 0,255 0,255 0,0 0,0 0,0
Bad properties for index 171, char ): 0,255 0,255 0,0 0,0 0,0
Bad properties for index 172, char 例: 0,255 0,255 0,0 0,0 0,0
Bad properties for index 173, char 报: 0,255 0,255 0,0 0,0 0,0
Bad properties for index 174, char 家: 0,255 0,255 0,0 0,0 0,0
Bad properties for index 175, char 族: 0,255 0,255 0,0 0,0 0,0
Bad properties for index 176, char 雀: 0,255 0,255 0,0 0,0 0,0
Bad properties for index 177, char 夭: 0,255 0,255 0,0 0,0 0,0
Bad properties for index 178, char 数: 0,255 0,255 0,0 0,0 0,0
Bad properties for index 179, char 国: 0,255 0,255 0,0 0,0 0,0
Bad properties for index 180, char 日: 0,255 0,255 0,0 0,0 0,0
Bad properties for index 181, char 圆: 0,255 0,255 0,0 0,0 0,0
Bad properties for index 182, char 吕: 0,255 0,255 0,0 0,0 0,0
Bad properties for index 183, char 橘: 0,255 0,255 0,0 0,0 0,0
Bad properties for index 184, char 栓: 0,255 0,255 0,0 0,0 0,0
Bad properties for index 185, char 亘: 0,255 0,255 0,0 0,0 0,0
Bad properties for index 186, char 伴: 0,255 0,255 0,0 0,0 0,0
Bad properties for index 187, char 症: 0,255 0,255 0,0 0,0 0,0
Bad properties for index 188, char 状: 0,255 0,255 0,0 0,0 0,0
Bad properties for index 189, char O: 0,255 0,255 0,0 0,0 0,0
Bad properties for index 190, char 站: 0,255 0,255 0,0 0,0 0,0
Bad properties for index 191, char 内: 0,255 0,255 0,0 0,0 0,0
Bad properties for index 192, char j: 0,255 0,255 0,0 0,0 0,0
Bad properties for index 193, char 肖: 0,255 0,255 0,0 0,0 0,0
Bad properties for index 194, char 正: 0,255 0,255 0,0 0,0 0,0
Bad properties for index 195, char 含: 0,255 0,255 0,0 0,0 0,0
Bad properties for index 196, char 断: 0,255 0,255 0,0 0,0 0,0
Bad properties for index 197, char 囤: 0,255 0,255 0,0 0,0 0,0
Bad properties for index 198, char 畏: 0,255 0,255 0,0 0,0 0,0
Bad properties for index 199, char 塞: 0,255 0,255 0,0 0,0 0,0
Bad properties for index 200, char _: 0,255 0,255 0,0 0,0 0,0
Bad properties for index 201, char B: 0,255 0,255 0,0 0,0 0,0
Bad properties for index 202, char S: 0,255 0,255 0,0 0,0 0,0
Bad properties for index 203, char 寒: 0,255 0,255 0,0 0,0 0,0
Bad properties for index 204, char 战: 0,255 0,255 0,0 0,0 0,0
Bad properties for index 205, char 麒: 0,255 0,255 0,0 0,0 0,0
Bad properties for index 206, char 饕: 0,255 0,255 0,0 0,0 0,0
Bad properties for index 207, char 码: 0,255 0,255 0,0 0,0 0,0
Bad properties for index 208, char 赘: 0,255 0,255 0,0 0,0 0,0
Bad properties for index 209, char 狸: 0,255 0,255 0,0 0,0 0,0
Bad properties for index 210, char 痘: 0,255 0,255 0,0 0,0 0,0
Bad properties for index 211, char 述: 0,255 0,255 0,0 0,0 0,0
Bad properties for index 212, char 〖: 0,255 0,255 0,0 0,0 0,0
Bad properties for index 213, char 流: 0,255 0,255 0,0 0,0 0,0
Bad properties for index 214, char 厘: 0,255 0,255 0,0 0,0 0,0
Bad properties for index 215, char 咳: 0,255 0,255 0,0 0,0 0,0
Bad properties for index 216, char 嗽: 0,255 0,255 0,0 0,0 0,0
Bad properties for index 217, char 筒: 0,255 0,255 0,0 0,0 0,0
Bad properties for index 218, char 子: 0,255 0,255 0,0 0,0 0,0
Bad properties for index 219, char ~: 0,255 0,255 0,0 0,0 0,0
Building master shape table
Computing shape distances...
Stopped with 0 merged, min dist 999.000000
Computing shape distances...
Stopped with 0 merged, min dist 999.000000
Computing shape distances...
Stopped with 0 merged, min dist 999.000000
Computing shape distances... 0
Stopped with 0 merged, min dist 999.000000
Computing shape distances... 0
Stopped with 0 merged, min dist 999.000000
Computing shape distances... 0
Stopped with 0 merged, min dist 999.000000
Computing shape distances... 0
Stopped with 0 merged, min dist 999.000000
Computing shape distances... 0
Stopped with 0 merged, min dist 999.000000
Computing shape distances... 0
Stopped with 0 merged, min dist 999.000000
Computing shape distances... 0
Stopped with 0 merged, min dist 999.000000
Computing shape distances... 0
Stopped with 0 merged, min dist 999.000000
Computing shape distances... 0
Stopped with 0 merged, min dist 999.000000
Computing shape distances... 0
Stopped with 0 merged, min dist 999.000000
Computing shape distances... 0
Stopped with 0 merged, min dist 999.000000
Computing shape distances... 0
Stopped with 0 merged, min dist 999.000000
Computing shape distances... 0
Stopped with 0 merged, min dist 999.000000
Computing shape distances... 0
Stopped with 0 merged, min dist 999.000000
Computing shape distances... 0
Stopped with 0 merged, min dist 999.000000
Computing shape distances... 0
Stopped with 0 merged, min dist 999.000000
Computing shape distances... 0
Stopped with 0 merged, min dist 999.000000
Computing shape distances... 0
Stopped with 0 merged, min dist 999.000000
Computing shape distances... 0
Stopped with 0 merged, min dist 999.000000
Computing shape distances... 0
Stopped with 0 merged, min dist 999.000000
Computing shape distances... 0
Stopped with 0 merged, min dist 999.000000
Computing shape distances... 0
Stopped with 0 merged, min dist 999.000000
Computing shape distances... 0
Stopped with 0 merged, min dist 999.000000
Computing shape distances... 0
Stopped with 0 merged, min dist 999.000000
Computing shape distances... 0
Stopped with 0 merged, min dist 999.000000
Computing shape distances... 0
Stopped with 0 merged, min dist 999.000000
Computing shape distances... 0
Stopped with 0 merged, min dist 999.000000
Computing shape distances... 0
Stopped with 0 merged, min dist 999.000000
Computing shape distances... 0
Stopped with 0 merged, min dist 999.000000
Computing shape distances... 0
Stopped with 0 merged, min dist 999.000000
Computing shape distances... 0
Stopped with 0 merged, min dist 999.000000
Computing shape distances... 0
Stopped with 0 merged, min dist 999.000000
Computing shape distances... 0
Stopped with 0 merged, min dist 999.000000
Computing shape distances... 0
Stopped with 0 merged, min dist 999.000000
Computing shape distances... 0
Stopped with 0 merged, min dist 999.000000
Computing shape distances... 0
Stopped with 0 merged, min dist 999.000000
Computing shape distances... 0
Stopped with 0 merged, min dist 999.000000
Computing shape distances... 0
Stopped with 0 merged, min dist 999.000000
Computing shape distances... 0
Stopped with 0 merged, min dist 999.000000
Computing shape distances... 0
Stopped with 0 merged, min dist 999.000000
Computing shape distances... 0
Stopped with 0 merged, min dist 999.000000
Computing shape distances... 0
Stopped with 0 merged, min dist 999.000000
Computing shape distances... 0
Stopped with 0 merged, min dist 999.000000
Computing shape distances... 0
Stopped with 0 merged, min dist 999.000000
Computing shape distances... 0
Stopped with 0 merged, min dist 999.000000
Computing shape distances... 0
Stopped with 0 merged, min dist 999.000000
Computing shape distances... 0
Stopped with 0 merged, min dist 999.000000
Computing shape distances... 0
Stopped with 0 merged, min dist 999.000000
Computing shape distances... 0
Stopped with 0 merged, min dist 999.000000
Computing shape distances... 0
Stopped with 0 merged, min dist 999.000000
Computing shape distances... 0
Stopped with 0 merged, min dist 999.000000
Computing shape distances... 0
Stopped with 0 merged, min dist 999.000000
Computing shape distances... 0
Stopped with 0 merged, min dist 999.000000
Computing shape distances... 0
Stopped with 0 merged, min dist 999.000000
Computing shape distances... 0
Stopped with 0 merged, min dist 999.000000
Computing shape distances... 0
Stopped with 0 merged, min dist 999.000000
Computing shape distances... 0
Stopped with 0 merged, min dist 999.000000
Computing shape distances... 0
Stopped with 0 merged, min dist 999.000000
Computing shape distances... 0
Stopped with 0 merged, min dist 999.000000
Computing shape distances... 0
Stopped with 0 merged, min dist 999.000000
Computing shape distances... 0
Stopped with 0 merged, min dist 999.000000
Computing shape distances... 0
Stopped with 0 merged, min dist 999.000000
Computing shape distances... 0
Stopped with 0 merged, min dist 999.000000
Computing shape distances... 0
Stopped with 0 merged, min dist 999.000000
Computing shape distances... 0
Stopped with 0 merged, min dist 999.000000
Computing shape distances... 0
Stopped with 0 merged, min dist 999.000000
Computing shape distances... 0
Stopped with 0 merged, min dist 999.000000
Computing shape distances... 0
Stopped with 0 merged, min dist 999.000000
Computing shape distances... 0
Stopped with 0 merged, min dist 999.000000
Computing shape distances... 0
Stopped with 0 merged, min dist 999.000000
Computing shape distances... 0
Stopped with 0 merged, min dist 999.000000
Computing shape distances... 0
Stopped with 0 merged, min dist 999.000000
Computing shape distances... 0
Stopped with 0 merged, min dist 999.000000
Computing shape distances... 0
Stopped with 0 merged, min dist 999.000000
Computing shape distances... 0
Stopped with 0 merged, min dist 999.000000
Computing shape distances...
Stopped with 0 merged, min dist 999.000000
Computing shape distances... 0
Stopped with 0 merged, min dist 999.000000
Computing shape distances... 0
Stopped with 0 merged, min dist 999.000000
Computing shape distances... 0
Stopped with 0 merged, min dist 999.000000
Computing shape distances... 0
Stopped with 0 merged, min dist 999.000000
Computing shape distances... 0
Stopped with 0 merged, min dist 999.000000
Computing shape distances...
Stopped with 0 merged, min dist 999.000000
Computing shape distances... 0
Stopped with 0 merged, min dist 999.000000
Computing shape distances... 0
Stopped with 0 merged, min dist 999.000000
Computing shape distances... 0
Stopped with 0 merged, min dist 999.000000
Computing shape distances... 0
Stopped with 0 merged, min dist 999.000000
Computing shape distances... 0
Stopped with 0 merged, min dist 999.000000
Computing shape distances... 0
Stopped with 0 merged, min dist 999.000000
Computing shape distances... 0
Stopped with 0 merged, min dist 999.000000
Computing shape distances... 0
Stopped with 0 merged, min dist 999.000000
Computing shape distances... 0
Stopped with 0 merged, min dist 999.000000
Computing shape distances... 0
Stopped with 0 merged, min dist 999.000000
Computing shape distances... 0
Stopped with 0 merged, min dist 999.000000
Computing shape distances... 0
Stopped with 0 merged, min dist 999.000000
Computing shape distances... 0
Stopped with 0 merged, min dist 999.000000
Computing shape distances... 0
Stopped with 0 merged, min dist 999.000000
Computing shape distances... 0
Stopped with 0 merged, min dist 999.000000
Computing shape distances... 0
Stopped with 0 merged, min dist 999.000000
Computing shape distances... 0
Stopped with 0 merged, min dist 999.000000
Computing shape distances... 0
Stopped with 0 merged, min dist 999.000000
Computing shape distances... 0
Stopped with 0 merged, min dist 999.000000
Computing shape distances... 0
Stopped with 0 merged, min dist 999.000000
Computing shape distances... 0
Stopped with 0 merged, min dist 999.000000
Computing shape distances... 0
Stopped with 0 merged, min dist 999.000000
Computing shape distances... 0
Stopped with 0 merged, min dist 999.000000
Computing shape distances... 0
Stopped with 0 merged, min dist 999.000000
Computing shape distances... 0
Stopped with 0 merged, min dist 999.000000
Computing shape distances... 0
Stopped with 0 merged, min dist 999.000000
Computing shape distances... 0
Stopped with 0 merged, min dist 999.000000
Computing shape distances...
Stopped with 0 merged, min dist 999.000000
Computing shape distances... 0
Stopped with 0 merged, min dist 999.000000
Computing shape distances... 0
Stopped with 0 merged, min dist 999.000000
Computing shape distances... 0
Stopped with 0 merged, min dist 999.000000
Computing shape distances... 0
Stopped with 0 merged, min dist 999.000000
Computing shape distances... 0
Stopped with 0 merged, min dist 999.000000
Computing shape distances... 0
Stopped with 0 merged, min dist 999.000000
Computing shape distances... 0
Stopped with 0 merged, min dist 999.000000
Computing shape distances... 0
Stopped with 0 merged, min dist 999.000000
Computing shape distances... 0
Stopped with 0 merged, min dist 999.000000
Computing shape distances...
Stopped with 0 merged, min dist 999.000000
Computing shape distances...
Stopped with 0 merged, min dist 999.000000
Computing shape distances... 0
Stopped with 0 merged, min dist 999.000000
Computing shape distances...
Stopped with 0 merged, min dist 999.000000
Computing shape distances...
Stopped with 0 merged, min dist 999.000000
Computing shape distances... 0
Stopped with 0 merged, min dist 999.000000
Computing shape distances... 0
Stopped with 0 merged, min dist 999.000000
Computing shape distances... 0
Stopped with 0 merged, min dist 999.000000
Computing shape distances... 0
Stopped with 0 merged, min dist 999.000000
Computing shape distances... 0
Stopped with 0 merged, min dist 999.000000
Computing shape distances... 0
Stopped with 0 merged, min dist 999.000000
Computing shape distances... 0
Stopped with 0 merged, min dist 999.000000
Computing shape distances... 0
Stopped with 0 merged, min dist 999.000000
Computing shape distances... 0
Stopped with 0 merged, min dist 999.000000
Computing shape distances... 0
Stopped with 0 merged, min dist 999.000000
Computing shape distances... 0
Stopped with 0 merged, min dist 999.000000
Computing shape distances... 0
Stopped with 0 merged, min dist 999.000000
Computing shape distances... 0
Stopped with 0 merged, min dist 999.000000
Computing shape distances... 0
Stopped with 0 merged, min dist 999.000000
Computing shape distances... 0
Stopped with 0 merged, min dist 999.000000
Computing shape distances... 0
Stopped with 0 merged, min dist 999.000000
Computing shape distances... 0
Stopped with 0 merged, min dist 999.000000
Computing shape distances... 0
Stopped with 0 merged, min dist 999.000000
Computing shape distances... 0
Stopped with 0 merged, min dist 999.000000
Computing shape distances... 0
Stopped with 0 merged, min dist 999.000000
Computing shape distances... 0
Stopped with 0 merged, min dist 999.000000
Computing shape distances... 0
Stopped with 0 merged, min dist 999.000000
Computing shape distances... 0
Stopped with 0 merged, min dist 999.000000
Computing shape distances... 0
Stopped with 0 merged, min dist 999.000000
Computing shape distances... 0
Stopped with 0 merged, min dist 999.000000
Computing shape distances... 0
Stopped with 0 merged, min dist 999.000000
Computing shape distances... 0
Stopped with 0 merged, min dist 999.000000
Computing shape distances... 0
Stopped with 0 merged, min dist 999.000000
Computing shape distances... 0
Stopped with 0 merged, min dist 999.000000
Computing shape distances... 0
Stopped with 0 merged, min dist 999.000000
Computing shape distances... 0
Stopped with 0 merged, min dist 999.000000
Computing shape distances... 0
Stopped with 0 merged, min dist 999.000000
Computing shape distances... 0
Stopped with 0 merged, min dist 999.000000
Computing shape distances... 0
Stopped with 0 merged, min dist 999.000000
Computing shape distances... 0
Stopped with 0 merged, min dist 999.000000
Computing shape distances... 0
Stopped with 0 merged, min dist 999.000000
Computing shape distances... 0
Stopped with 0 merged, min dist 999.000000
Computing shape distances... 0
Stopped with 0 merged, min dist 999.000000
Computing shape distances... 0
Stopped with 0 merged, min dist 999.000000
Computing shape distances... 0
Stopped with 0 merged, min dist 999.000000
Computing shape distances... 0
Stopped with 0 merged, min dist 999.000000
Computing shape distances... 0
Stopped with 0 merged, min dist 999.000000
Computing shape distances... 0
Stopped with 0 merged, min dist 999.000000
Computing shape distances... 0
Stopped with 0 merged, min dist 999.000000
Computing shape distances... 0
Stopped with 0 merged, min dist 999.000000
Computing shape distances... 0
Stopped with 0 merged, min dist 999.000000
Computing shape distances... 0
Stopped with 0 merged, min dist 999.000000
Computing shape distances... 0
Stopped with 0 merged, min dist 999.000000
Computing shape distances... 0
Stopped with 0 merged, min dist 999.000000
Computing shape distances... 0
Stopped with 0 merged, min dist 999.000000
Computing shape distances... 0
Stopped with 0 merged, min dist 999.000000
Computing shape distances... 0
Stopped with 0 merged, min dist 999.000000
Computing shape distances...
Stopped with 0 merged, min dist 999.000000
Computing shape distances... 0
Stopped with 0 merged, min dist 999.000000
Computing shape distances... 0
Stopped with 0 merged, min dist 999.000000
Computing shape distances... 0
Stopped with 0 merged, min dist 999.000000
Computing shape distances... 0
Stopped with 0 merged, min dist 999.000000
Computing shape distances... 0
Stopped with 0 merged, min dist 999.000000
Computing shape distances... 0
Stopped with 0 merged, min dist 999.000000
Computing shape distances... 0
Stopped with 0 merged, min dist 999.000000
Computing shape distances... 0
Stopped with 0 merged, min dist 999.000000
Computing shape distances... 0
Stopped with 0 merged, min dist 999.000000
Computing shape distances... 0
Stopped with 0 merged, min dist 999.000000
Computing shape distances... 0
Stopped with 0 merged, min dist 999.000000
Computing shape distances... 0
Stopped with 0 merged, min dist 999.000000
Computing shape distances... 0
Stopped with 0 merged, min dist 999.000000
Computing shape distances... 0
Stopped with 0 merged, min dist 999.000000
Computing shape distances... 0
Stopped with 0 merged, min dist 999.000000
Computing shape distances... 0
Stopped with 0 merged, min dist 999.000000
Computing shape distances... 0
Stopped with 0 merged, min dist 999.000000
Computing shape distances...
Stopped with 0 merged, min dist 999.000000
Computing shape distances...
Stopped with 0 merged, min dist 999.000000
Computing shape distances...
Stopped with 0 merged, min dist 999.000000
Computing shape distances... 0
Stopped with 0 merged, min dist 999.000000
Computing shape distances... 0
Stopped with 0 merged, min dist 999.000000
Computing shape distances... 0
Stopped with 0 merged, min dist 999.000000
Computing shape distances...
Stopped with 0 merged, min dist 999.000000
Computing shape distances...
Stopped with 0 merged, min dist 999.000000
Computing shape distances...
Stopped with 0 merged, min dist 999.000000
Computing shape distances... 0
Stopped with 0 merged, min dist 999.000000
Computing shape distances... 0
Stopped with 0 merged, min dist 999.000000
Computing shape distances... 0
Stopped with 0 merged, min dist 999.000000
Computing shape distances... 0
Stopped with 0 merged, min dist 999.000000
Computing shape distances... 0
Stopped with 0 merged, min dist 999.000000
Computing shape distances... 0
Stopped with 0 merged, min dist 999.000000
Computing shape distances...
Stopped with 0 merged, min dist 999.000000
Computing shape distances... 0
Stopped with 0 merged, min dist 999.000000
Computing shape distances... 0
Stopped with 0 merged, min dist 999.000000
Computing shape distances...
Stopped with 0 merged, min dist 999.000000
Computing shape distances...
Stopped with 0 merged, min dist 999.000000
Computing shape distances...
Stopped with 0 merged, min dist 999.000000
Computing shape distances...
Stopped with 0 merged, min dist 999.000000
Computing shape distances... 0
Stopped with 0 merged, min dist 999.000000
Computing shape distances...
Stopped with 0 merged, min dist 999.000000
Computing shape distances...
Stopped with 0 merged, min dist 999.000000
Computing shape distances... 0 1 2 3 4 5 6 7 8 9 10 11 12 13 14 15 16 17 18 19 20 21 22 23 24 25 26 27 28 29 30 31 32 33 34 35 36 37 38 39 40 41 42 43 44 45 46 47 48 49 50 51 52 53 54 55 56 57 58 59 60 61 62 63 64 65 66 67 68 69 70 71 72 73 74 75 76 77 78 79 80 81 82 83 84 85 86 87 88 89 90 91 92 93 94 95 96 97 98 99 100 101 102 103 104 105 106 107 108 109 110 111 112 113 114 115 116 117 118 119 120 121 122 123 124 125 126 127 128 129 130 131 132 133 134 135 136 137 138 139 140 141 142 143 144 145 146 147 148 149 150 151 152 153 154 155 156 157 158 159 160 161 162 163 164 165 166 167 168 169 170 171 172 173 174 175 176 177 178 179 180 181 182 183 184 185 186 187 188 189 190 191 192 193 194 195 196 197
Distance = 0.000000: Distance = 0.000000: Distance = 0.000000: Distance = 0.000000: Distance = 0.000000: Distance = 0.000000: Distance = 0.000000: Distance = 0.000000: Distance = 0.000000: Distance = 0.004032: Distance = 0.005682: Distance = 0.013423: Stopped with 12 merged, min dist 0.126582
Master shape_table:Number of shapes = 186 max unichars = 2 number with multiple unichars = 12
MacBook-Pro-diya:tesseract Dylan$ mftraining -F font_properties -U unicharset -O unicharset case_1.normal.exp0.tr
Read shape table shapetable of 186 shapes
Reading case_1.normal.exp0.tr ...
Bad properties for index 3, char 郭: 0,255 0,255 0,0 0,0 0,0
Bad properties for index 4, char 蕊: 0,255 0,255 0,0 0,0 0,0
Bad properties for index 5, char 添: 0,255 0,255 0,0 0,0 0,0
Bad properties for index 6, char 加: 0,255 0,255 0,0 0,0 0,0
Bad properties for index 7, char 患: 0,255 0,255 0,0 0,0 0,0
Bad properties for index 8, char 者: 0,255 0,255 0,0 0,0 0,0
Bad properties for index 9, char 列: 0,255 0,255 0,0 0,0 0,0
Bad properties for index 10, char 表: 0,255 0,255 0,0 0,0 0,0
Bad properties for index 11, char \: 0,255 0,255 0,0 0,0 0,0
Bad properties for index 12, char 女: 0,255 0,255 0,0 0,0 0,0
Bad properties for index 13, char 呼: 0,255 0,255 0,0 0,0 0,0
Bad properties for index 14, char 吸: 0,255 0,255 0,0 0,0 0,0
Bad properties for index 15, char 科: 0,255 0,255 0,0 0,0 0,0
Bad properties for index 16, char 住: 0,255 0,255 0,0 0,0 0,0
Bad properties for index 17, char 院: 0,255 0,255 0,0 0,0 0,0
Bad properties for index 18, char 病: 0,255 0,255 0,0 0,0 0,0
Bad properties for index 19, char 历: 0,255 0,255 0,0 0,0 0,0
Bad properties for index 20, char 未: 0,255 0,255 0,0 0,0 0,0
Bad properties for index 21, char 归: 0,255 0,255 0,0 0,0 0,0
Bad properties for index 22, char 档: 0,255 0,255 0,0 0,0 0,0
Bad properties for index 23, char 单: 0,255 0,255 0,0 0,0 0,0
Bad properties for index 24, char 位: 0,255 0,255 0,0 0,0 0,0
Bad properties for index 25, char :: 0,255 0,255 0,0 0,0 0,0
Bad properties for index 26, char 人: 0,255 0,255 0,0 0,0 0,0
Bad properties for index 27, char 民: 0,255 0,255 0,0 0,0 0,0
Bad properties for index 28, char 医: 0,255 0,255 0,0 0,0 0,0
Bad properties for index 29, char 生: 0,255 0,255 0,0 0,0 0,0
Bad properties for index 30, char 邓: 0,255 0,255 0,0 0,0 0,0
Bad properties for index 31, char 磅: 0,255 0,255 0,0 0,0 0,0
Bad properties for index 32, char .: 0,255 0,255 0,0 0,0 0,0
Bad properties for index 33, char 我: 0,255 0,255 0,0 0,0 0,0
Bad properties for index 34, char 的: 0,255 0,255 0,0 0,0 0,0
Bad properties for index 35, char 匿: 0,255 0,255 0,0 0,0 0,0
Bad properties for index 36, char 本: 0,255 0,255 0,0 0,0 0,0
Bad properties for index 37, char 信: 0,255 0,255 0,0 0,0 0,0
Bad properties for index 38, char 息: 0,255 0,255 0,0 0,0 0,0
Bad properties for index 39, char 】: 0,255 0,255 0,0 0,0 0,0
Bad properties for index 40, char 叭: 0,255 0,255 0,0 0,0 0,0
Bad properties for index 41, char 记: 0,255 0,255 0,0 0,0 0,0
Bad properties for index 42, char 录: 0,255 0,255 0,0 0,0 0,0
Bad properties for index 43, char 眉: 0,255 0,255 0,0 0,0 0,0
Bad properties for index 44, char 程: 0,255 0,255 0,0 0,0 0,0
Bad properties for index 45, char 腈: 0,255 0,255 0,0 0,0 0,0
Bad properties for index 46, char 脸: 0,255 0,255 0,0 0,0 0,0
Bad properties for index 47, char 查: 0,255 0,255 0,0 0,0 0,0
Bad properties for index 48, char 结: 0,255 0,255 0,0 0,0 0,0
Bad properties for index 49, char 果: 0,255 0,255 0,0 0,0 0,0
Bad properties for index 50, char 【: 0,255 0,255 0,0 0,0 0,0
Bad properties for index 51, char 荨: 0,255 0,255 0,0 0,0 0,0
Bad properties for index 52, char 台: 0,255 0,255 0,0 0,0 0,0
Bad properties for index 53, char 疗: 0,255 0,255 0,0 0,0 0,0
Bad properties for index 54, char 出: 0,255 0,255 0,0 0,0 0,0
Bad properties for index 55, char 惟: 0,255 0,255 0,0 0,0 0,0
Bad properties for index 56, char 侧: 0,255 0,255 0,0 0,0 0,0
Bad properties for index 57, char 0: 0,255 0,255 0,0 0,0 0,0
Bad properties for index 58, char R: 0,255 0,255 0,0 0,0 0,0
Bad properties for index 59, char D: 0,255 0,255 0,0 0,0 0,0
Bad properties for index 60, char 文: 0,255 0,255 0,0 0,0 0,0
Bad properties for index 61, char {: 0,255 0,255 0,0 0,0 0,0
Bad properties for index 62, char 宇: 0,255 0,255 0,0 0,0 0,0
Bad properties for index 63, char 侈: 0,255 0,255 0,0 0,0 0,0
Bad properties for index 64, char 媒: 0,255 0,255 0,0 0,0 0,0
Bad properties for index 65, char 体: 0,255 0,255 0,0 0,0 0,0
Bad properties for index 66, char 营: 0,255 0,255 0,0 0,0 0,0
Bad properties for index 67, char 理: 0,255 0,255 0,0 0,0 0,0
Bad properties for index 68, char 修: 0,255 0,255 0,0 0,0 0,0
Bad properties for index 69, char 改: 0,255 0,255 0,0 0,0 0,0
Bad properties for index 70, char 痕: 0,255 0,255 0,0 0,0 0,0
Bad properties for index 71, char 逊: 0,255 0,255 0,0 0,0 0,0
Bad properties for index 72, char -: 0,255 0,255 0,0 0,0 0,0
Bad properties for index 73, char 量: 0,255 0,255 0,0 0,0 0,0
Bad properties for index 74, char 耆: 0,255 0,255 0,0 0,0 0,0
Bad properties for index 75, char 己: 0,255 0,255 0,0 0,0 0,0
Bad properties for index 76, char 裆: 0,255 0,255 0,0 0,0 0,0
Bad properties for index 77, char 看: 0,255 0,255 0,0 0,0 0,0
Bad properties for index 78, char 田: 0,255 0,255 0,0 0,0 0,0
Bad properties for index 79, char 曰: 0,255 0,255 0,0 0,0 0,0
Bad properties for index 80, char 皓: 0,255 0,255 0,0 0,0 0,0
Bad properties for index 81, char 床: 0,255 0,255 0,0 0,0 0,0
Bad properties for index 82, char 轰: 0,255 0,255 0,0 0,0 0,0
Bad properties for index 83, char 履: 0,255 0,255 0,0 0,0 0,0
Bad properties for index 84, char 匾: 0,255 0,255 0,0 0,0 0,0
Bad properties for index 85, char 卒: 0,255 0,255 0,0 0,0 0,0
Bad properties for index 86, char 樟: 0,255 0,255 0,0 0,0 0,0
Bad properties for index 87, char 冥: 0,255 0,255 0,0 0,0 0,0
Bad properties for index 88, char 板: 0,255 0,255 0,0 0,0 0,0
Bad properties for index 89, char 画: 0,255 0,255 0,0 0,0 0,0
Bad properties for index 90, char 基: 0,255 0,255 0,0 0,0 0,0
Bad properties for index 91, char X: 0,255 0,255 0,0 0,0 0,0
Bad properties for index 92, char 属: 0,255 0,255 0,0 0,0 0,0
Bad properties for index 93, char 资: 0,255 0,255 0,0 0,0 0,0
Bad properties for index 94, char 兼: 0,255 0,255 0,0 0,0 0,0
Bad properties for index 95, char 斗: 0,255 0,255 0,0 0,0 0,0
Bad properties for index 96, char 呈: 0,255 0,255 0,0 0,0 0,0
Bad properties for index 97, char 甸: 0,255 0,255 0,0 0,0 0,0
Bad properties for index 98, char 圃: 0,255 0,255 0,0 0,0 0,0
Bad properties for index 99, char 主: 0,255 0,255 0,0 0,0 0,0
Bad properties for index 100, char 诉: 0,255 0,255 0,0 0,0 0,0
Bad properties for index 101, char x: 0,255 0,255 0,0 0,0 0,0
Bad properties for index 102, char *: 0,255 0,255 0,0 0,0 0,0
Bad properties for index 103, char 茎: 0,255 0,255 0,0 0,0 0,0
Bad properties for index 104, char 祠: 0,255 0,255 0,0 0,0 0,0
Bad properties for index 105, char 全: 0,255 0,255 0,0 0,0 0,0
Bad properties for index 106, char 艾: 0,255 0,255 0,0 0,0 0,0
Bad properties for index 107, char 俭: 0,255 0,255 0,0 0,0 0,0
Bad properties for index 108, char 素: 0,255 0,255 0,0 0,0 0,0
Bad properties for index 109, char 雇: 0,255 0,255 0,0 0,0 0,0
Bad properties for index 110, char 翼: 0,255 0,255 0,0 0,0 0,0
Bad properties for index 111, char 诱: 0,255 0,255 0,0 0,0 0,0
Bad properties for index 112, char 因: 0,255 0,255 0,0 0,0 0,0
Bad properties for index 113, char ′: 0,255 0,255 0,0 0,0 0,0
Bad properties for index 114, char 一: 0,255 0,255 0,0 0,0 0,0
Bad properties for index 115, char 口: 0,255 0,255 0,0 0,0 0,0
Bad properties for index 116, char 业: 0,255 0,255 0,0 0,0 0,0
Bad properties for index 117, char 务: 0,255 0,255 0,0 0,0 0,0
Bad properties for index 118, char 功: 0,255 0,255 0,0 0,0 0,0
Bad properties for index 119, char 菖: 0,255 0,255 0,0 0,0 0,0
Bad properties for index 120, char ": 0,255 0,255 0,0 0,0 0,0
Bad properties for index 121, char 蟹: 0,255 0,255 0,0 0,0 0,0
Bad properties for index 122, char 萎: 0,255 0,255 0,0 0,0 0,0
Bad properties for index 123, char …: 0,255 0,255 0,0 0,0 0,0
Bad properties for index 124, char 见: 0,255 0,255 0,0 0,0 0,0
Bad properties for index 125, char 障: 0,255 0,255 0,0 0,0 0,0
Bad properties for index 126, char 围: 0,255 0,255 0,0 0,0 0,0
Bad properties for index 127, char 入: 0,255 0,255 0,0 0,0 0,0
Bad properties for index 128, char l: 0,255 0,255 0,0 0,0 0,0
Bad properties for index 129, char u: 0,255 0,255 0,0 0,0 0,0
Bad properties for index 130, char 其: 0,255 0,255 0,0 0,0 0,0
Bad properties for index 131, char 他: 0,255 0,255 0,0 0,0 0,0
Bad properties for index 132, char 检: 0,255 0,255 0,0 0,0 0,0
Bad properties for index 133, char `: 0,255 0,255 0,0 0,0 0,0
Bad properties for index 134, char 醌: 0,255 0,255 0,0 0,0 0,0
Bad properties for index 135, char 油: 0,255 0,255 0,0 0,0 0,0
Bad properties for index 136, char 样: 0,255 0,255 0,0 0,0 0,0
Bad properties for index 137, char 前: 0,255 0,255 0,0 0,0 0,0
Bad properties for index 138, char 友: 0,255 0,255 0,0 0,0 0,0
Bad properties for index 139, char 〇: 0,255 0,255 0,0 0,0 0,0
Bad properties for index 140, char 无: 0,255 0,255 0,0 0,0 0,0
Bad properties for index 141, char 质: 0,255 0,255 0,0 0,0 0,0
Bad properties for index 142, char 疑: 0,255 0,255 0,0 0,0 0,0
Bad properties for index 143, char 公: 0,255 0,255 0,0 0,0 0,0
Bad properties for index 144, char 告: 0,255 0,255 0,0 0,0 0,0
Bad properties for index 145, char 既: 0,255 0,255 0,0 0,0 0,0
Bad properties for index 146, char 往: 0,255 0,255 0,0 0,0 0,0
Bad properties for index 147, char 史: 0,255 0,255 0,0 0,0 0,0
Bad properties for index 148, char @: 0,255 0,255 0,0 0,0 0,0
Bad properties for index 149, char 有: 0,255 0,255 0,0 0,0 0,0
Bad properties for index 150, char 团: 0,255 0,255 0,0 0,0 0,0
Bad properties for index 151, char 工: 0,255 0,255 0,0 0,0 0,0
Bad properties for index 152, char 作: 0,255 0,255 0,0 0,0 0,0
Bad properties for index 153, char 擎: 0,255 0,255 0,0 0,0 0,0
Bad properties for index 154, char 凹: 0,255 0,255 0,0 0,0 0,0
Bad properties for index 155, char 个: 0,255 0,255 0,0 0,0 0,0
Bad properties for index 156, char 〈: 0,255 0,255 0,0 0,0 0,0
Bad properties for index 157, char 不: 0,255 0,255 0,0 0,0 0,0
Bad properties for index 158, char 详: 0,255 0,255 0,0 0,0 0,0
Bad properties for index 159, char 狠: 0,255 0,255 0,0 0,0 0,0
Bad properties for index 160, char 月: 0,255 0,255 0,0 0,0 0,0
Bad properties for index 161, char 绶: 0,255 0,255 0,0 0,0 0,0
Bad properties for index 162, char 盲: 0,255 0,255 0,0 0,0 0,0
Bad properties for index 163, char 昌: 0,255 0,255 0,0 0,0 0,0
Bad properties for index 164, char 发: 0,255 0,255 0,0 0,0 0,0
Bad properties for index 165, char 『: 0,255 0,255 0,0 0,0 0,0
Bad properties for index 166, char ^: 0,255 0,255 0,0 0,0 0,0
Bad properties for index 167, char 最: 0,255 0,255 0,0 0,0 0,0
Bad properties for index 168, char 高: 0,255 0,255 0,0 0,0 0,0
Bad properties for index 169, char (: 0,255 0,255 0,0 0,0 0,0
Bad properties for index 170, char 度: 0,255 0,255 0,0 0,0 0,0
Bad properties for index 171, char ): 0,255 0,255 0,0 0,0 0,0
Bad properties for index 172, char 例: 0,255 0,255 0,0 0,0 0,0
Bad properties for index 173, char 报: 0,255 0,255 0,0 0,0 0,0
Bad properties for index 174, char 家: 0,255 0,255 0,0 0,0 0,0
Bad properties for index 175, char 族: 0,255 0,255 0,0 0,0 0,0
Bad properties for index 176, char 雀: 0,255 0,255 0,0 0,0 0,0
Bad properties for index 177, char 夭: 0,255 0,255 0,0 0,0 0,0
Bad properties for index 178, char 数: 0,255 0,255 0,0 0,0 0,0
Bad properties for index 179, char 国: 0,255 0,255 0,0 0,0 0,0
Bad properties for index 180, char 日: 0,255 0,255 0,0 0,0 0,0
Bad properties for index 181, char 圆: 0,255 0,255 0,0 0,0 0,0
Bad properties for index 182, char 吕: 0,255 0,255 0,0 0,0 0,0
Bad properties for index 183, char 橘: 0,255 0,255 0,0 0,0 0,0
Bad properties for index 184, char 栓: 0,255 0,255 0,0 0,0 0,0
Bad properties for index 185, char 亘: 0,255 0,255 0,0 0,0 0,0
Bad properties for index 186, char 伴: 0,255 0,255 0,0 0,0 0,0
Bad properties for index 187, char 症: 0,255 0,255 0,0 0,0 0,0
Bad properties for index 188, char 状: 0,255 0,255 0,0 0,0 0,0
Bad properties for index 189, char O: 0,255 0,255 0,0 0,0 0,0
Bad properties for index 190, char 站: 0,255 0,255 0,0 0,0 0,0
Bad properties for index 191, char 内: 0,255 0,255 0,0 0,0 0,0
Bad properties for index 192, char j: 0,255 0,255 0,0 0,0 0,0
Bad properties for index 193, char 肖: 0,255 0,255 0,0 0,0 0,0
Bad properties for index 194, char 正: 0,255 0,255 0,0 0,0 0,0
Bad properties for index 195, char 含: 0,255 0,255 0,0 0,0 0,0
Bad properties for index 196, char 断: 0,255 0,255 0,0 0,0 0,0
Bad properties for index 197, char 囤: 0,255 0,255 0,0 0,0 0,0
Bad properties for index 198, char 畏: 0,255 0,255 0,0 0,0 0,0
Bad properties for index 199, char 塞: 0,255 0,255 0,0 0,0 0,0
Bad properties for index 200, char _: 0,255 0,255 0,0 0,0 0,0
Bad properties for index 201, char B: 0,255 0,255 0,0 0,0 0,0
Bad properties for index 202, char S: 0,255 0,255 0,0 0,0 0,0
Bad properties for index 203, char 寒: 0,255 0,255 0,0 0,0 0,0
Bad properties for index 204, char 战: 0,255 0,255 0,0 0,0 0,0
Bad properties for index 205, char 麒: 0,255 0,255 0,0 0,0 0,0
Bad properties for index 206, char 饕: 0,255 0,255 0,0 0,0 0,0
Bad properties for index 207, char 码: 0,255 0,255 0,0 0,0 0,0
Bad properties for index 208, char 赘: 0,255 0,255 0,0 0,0 0,0
Bad properties for index 209, char 狸: 0,255 0,255 0,0 0,0 0,0
Bad properties for index 210, char 痘: 0,255 0,255 0,0 0,0 0,0
Bad properties for index 211, char 述: 0,255 0,255 0,0 0,0 0,0
Bad properties for index 212, char 〖: 0,255 0,255 0,0 0,0 0,0
Bad properties for index 213, char 流: 0,255 0,255 0,0 0,0 0,0
Bad properties for index 214, char 厘: 0,255 0,255 0,0 0,0 0,0
Bad properties for index 215, char 咳: 0,255 0,255 0,0 0,0 0,0
Bad properties for index 216, char 嗽: 0,255 0,255 0,0 0,0 0,0
Bad properties for index 217, char 筒: 0,255 0,255 0,0 0,0 0,0
Bad properties for index 218, char 子: 0,255 0,255 0,0 0,0 0,0
Bad properties for index 219, char ~: 0,255 0,255 0,0 0,0 0,0
Warning: no protos/configs for sh0183 in CreateIntTemplates()
Warning: no protos/configs for sh0184 in CreateIntTemplates()
Warning: no protos/configs for sh0185 in CreateIntTemplates()
Done!
MacBook-Pro-diya:tesseract Dylan$ cntraining case_1.normal.exp0.tr
Reading case_1.normal.exp0.tr ...
Clustering ...

Writing normproto ...
MacBook-Pro-diya:tesseract Dylan$ combine_tessdata normal.
Combining tessdata files
Error opening normal.unicharset file
Error combining tessdata files into normal.traineddata
MacBook-Pro-diya:tesseract Dylan$ combine_tessdata normal
Combining tessdata files
Error opening normal.unicharset file
Error combining tessdata files into normal.traineddata
MacBook-Pro-diya:tesseract Dylan$ combine_tessdata normal
Combining tessdata files
TessdataManager combined tesseract data files.
Offset for type  0 (normal.config                ) is -1
Offset for type  1 (normal.unicharset            ) is 140
Offset for type  2 (normal.unicharambigs         ) is -1
Offset for type  3 (normal.inttemp               ) is 12513
Offset for type  4 (normal.pffmtable             ) is 1122315
Offset for type  5 (normal.normproto             ) is 1124266
Offset for type  6 (normal.punc-dawg             ) is -1
Offset for type  7 (normal.word-dawg             ) is -1
Offset for type  8 (normal.number-dawg           ) is -1
Offset for type  9 (normal.freq-dawg             ) is -1
Offset for type 10 (normal.fixed-length-dawgs    ) is -1
Offset for type 11 (normal.cube-unicharset       ) is -1
Offset for type 12 (normal.cube-word-dawg        ) is -1
Offset for type 13 (normal.shapetable            ) is 1148554
Offset for type 14 (normal.bigram-dawg           ) is -1
Offset for type 15 (normal.unambig-dawg          ) is -1
Offset for type 16 (normal.params-model          ) is -1
Output normal.traineddata created successfully.
MacBook-Pro-diya:tesseract Dylan$ cp normal.traineddata tesseract case_1.normal.exp0.jpg case_1.normal.exp0 -l normal
usage: cp [-R [-H | -L | -P]] [-fi | -n] [-apvX] source_file target_file
       cp [-R [-H | -L | -P]] [-fi | -n] [-apvX] source_file ... target_directory
MacBook-Pro-diya:tesseract Dylan$ tesseract case_1.normal.exp0.jpg case_1.normal.exp0 -l normal
Tesseract Open Source OCR Engine v3.05.01 with Leptonica
Error in fopenReadStream: file not found
Error in findFileFormat: image file not found
Error during processing.
MacBook-Pro-diya:tesseract Dylan$ tesseract case_1.normal.exp0.png case_1.normal.exp0 -l normal
Tesseract Open Source OCR Engine v3.05.01 with Leptonica
MacBook-Pro-diya:tesseract Dylan$ 
